TN:
SF:src\middlewares\auth.ts
FN:6,authenticate
FNF:1
FNH:1
FNDA:4,authenticate
DA:2,1
DA:3,1
DA:6,1
DA:7,4
DA:8,4
DA:9,3
DA:10,3
DA:11,1
DA:12,1
DA:13,1
DA:15,2
LF:11
LH:11
BRDA:8,0,0,1
BRDA:8,0,1,3
BRF:2
BRH:2
end_of_record
TN:
SF:src\modules\auth\controllers\auth.controller.ts
FN:7,register
FN:14,login
FN:22,socialLogin
FN:30,logout
FN:34,me
FNF:5
FNH:4
FNDA:2,register
FNDA:2,login
FNDA:0,socialLogin
FNDA:1,logout
FNDA:2,me
DA:2,1
DA:4,1
DA:7,1
DA:8,2
DA:9,2
DA:10,1
DA:11,1
DA:14,1
DA:15,2
DA:16,2
DA:17,2
DA:18,1
DA:19,1
DA:22,1
DA:23,0
DA:24,0
DA:25,0
DA:26,0
DA:27,0
DA:30,1
DA:31,1
DA:34,1
DA:35,2
DA:36,2
DA:37,2
DA:38,1
DA:39,0
LF:27
LH:21
BRDA:37,0,0,1
BRDA:37,0,1,1
BRF:2
BRH:2
end_of_record
TN:
SF:src\modules\auth\services\auth.service.ts
FN:8,signToken
FN:12,register
FN:31,login
FN:40,socialLogin
FN:55,verifySocialToken
FN:71,sanitize
FNF:6
FNH:4
FNDA:4,signToken
FNDA:4,register
FNDA:7,login
FNDA:0,socialLogin
FNDA:0,verifySocialToken
FNDA:12,sanitize
DA:1,4
DA:2,4
DA:3,4
DA:4,4
DA:6,4
DA:9,4
DA:12,4
DA:16,4
DA:17,4
DA:19,2
DA:20,2
DA:27,2
DA:28,2
DA:31,4
DA:32,7
DA:33,7
DA:34,4
DA:35,3
DA:36,3
DA:37,2
DA:40,4
DA:41,0
DA:42,0
DA:43,0
DA:44,0
DA:52,0
DA:56,0
DA:57,0
DA:58,0
DA:59,0
DA:60,0
DA:62,0
DA:63,0
DA:64,0
DA:65,0
DA:66,0
DA:68,0
DA:71,4
DA:72,12
DA:73,12
LF:40
LH:24
BRDA:17,0,0,2
BRDA:17,0,1,2
BRDA:24,1,0,2
BRDA:24,1,1,2
BRDA:33,2,0,3
BRDA:33,2,1,4
BRDA:33,3,0,7
BRDA:33,3,1,5
BRDA:34,4,0,1
BRDA:34,4,1,3
BRDA:36,5,0,1
BRDA:36,5,1,2
BRDA:43,6,0,0
BRDA:43,6,1,0
BRDA:48,7,0,0
BRDA:48,7,1,0
BRDA:56,8,0,0
BRDA:56,8,1,0
BRDA:58,9,0,0
BRDA:58,9,1,0
BRDA:62,10,0,0
BRDA:62,10,1,0
BRDA:64,11,0,0
BRDA:64,11,1,0
BRF:24
BRH:12
end_of_record
TN:
SF:src\modules\conversations\controllers\conversations.controller.ts
FN:6,(anonymous_0)
FN:8,listConversations
FN:23,getOrCreateConversation
FN:38,getMessages
FN:53,sendMessage
FN:76,markAsRead
FNF:6
FNH:6
FNDA:6,(anonymous_0)
FNDA:1,listConversations
FNDA:3,getOrCreateConversation
FNDA:1,getMessages
FNDA:2,sendMessage
FNDA:1,markAsRead
DA:2,1
DA:4,1
DA:6,6
DA:8,1
DA:9,1
DA:10,1
DA:11,1
DA:19,1
DA:20,0
DA:23,1
DA:24,3
DA:25,3
DA:26,3
DA:27,3
DA:28,3
DA:29,3
DA:30,2
DA:31,2
DA:33,1
DA:35,0
DA:38,1
DA:39,1
DA:40,1
DA:41,1
DA:42,1
DA:43,1
DA:49,1
DA:50,0
DA:53,1
DA:54,2
DA:55,2
DA:56,2
DA:57,2
DA:58,2
DA:59,1
DA:60,1
DA:62,1
DA:70,1
DA:72,1
DA:73,0
DA:76,1
DA:77,1
DA:78,1
DA:79,1
DA:80,1
DA:84,1
DA:85,0
LF:47
LH:42
BRDA:6,0,0,0
BRDA:6,0,1,6
BRDA:29,1,0,2
BRDA:29,1,1,1
BRDA:41,2,0,1
BRDA:41,2,1,0
BRDA:42,3,0,1
BRDA:42,3,1,0
BRDA:58,4,0,1
BRDA:58,4,1,1
BRDA:59,5,0,1
BRDA:59,5,1,0
BRF:12
BRH:8
end_of_record
TN:
SF:src\modules\listings\controllers\listings.controller.ts
FN:9,(anonymous_0)
FN:11,listServices
FN:33,(anonymous_2)
FN:43,getService
FN:54,createService
FN:71,updateService
FN:82,deleteService
FN:93,uploadImages
FN:105,(anonymous_8)
FN:111,deleteImage
FN:118,(anonymous_10)
FN:124,incrementView
FN:141,getServicesByUser
FNF:13
FNH:13
FNDA:32,(anonymous_0)
FNDA:2,listServices
FNDA:2,(anonymous_2)
FNDA:2,getService
FNDA:1,createService
FNDA:2,updateService
FNDA:2,deleteService
FNDA:5,uploadImages
FNDA:1,(anonymous_8)
FNDA:3,deleteImage
FNDA:1,(anonymous_10)
FNDA:2,incrementView
FNDA:1,getServicesByUser
DA:2,2
DA:4,2
DA:5,2
DA:7,2
DA:9,32
DA:11,2
DA:12,2
DA:13,2
DA:14,2
DA:15,2
DA:16,2
DA:17,2
DA:18,2
DA:19,2
DA:21,2
DA:31,2
DA:32,1
DA:33,1
DA:34,2
DA:38,2
DA:39,2
DA:40,0
DA:43,2
DA:44,2
DA:45,2
DA:49,2
DA:50,1
DA:51,0
DA:54,2
DA:55,1
DA:56,1
DA:57,1
DA:66,1
DA:67,1
DA:68,0
DA:71,2
DA:72,2
DA:73,2
DA:74,2
DA:75,2
DA:76,2
DA:77,1
DA:78,1
DA:79,0
DA:82,2
DA:83,2
DA:84,2
DA:85,2
DA:86,2
DA:87,1
DA:88,1
DA:89,1
DA:90,0
DA:93,2
DA:94,5
DA:95,5
DA:96,5
DA:97,5
DA:98,4
DA:99,3
DA:100,3
DA:101,3
DA:102,3
DA:103,2
DA:104,2
DA:105,1
DA:106,1
DA:107,1
DA:108,0
DA:111,2
DA:112,3
DA:113,3
DA:114,3
DA:115,3
DA:116,2
DA:117,1
DA:118,1
DA:119,1
DA:120,1
DA:121,0
DA:124,2
DA:125,2
DA:126,2
DA:127,2
DA:128,2
DA:129,2
DA:130,2
DA:131,1
DA:135,1
DA:137,2
DA:138,0
DA:141,2
DA:142,1
DA:143,1
DA:147,1
DA:148,0
LF:96
LH:87
BRDA:9,0,0,0
BRDA:9,0,1,32
BRDA:13,1,0,2
BRDA:13,1,1,2
BRDA:14,2,0,2
BRDA:14,2,1,2
BRDA:15,3,0,2
BRDA:15,3,1,1
BRDA:16,4,0,2
BRDA:16,4,1,1
BRDA:17,5,0,2
BRDA:17,5,1,1
BRDA:18,6,0,2
BRDA:18,6,1,2
BRDA:19,7,0,2
BRDA:19,7,1,2
BRDA:24,8,0,0
BRDA:24,8,1,2
BRDA:25,9,0,0
BRDA:25,9,1,2
BRDA:31,10,0,1
BRDA:31,10,1,1
BRDA:31,11,0,2
BRDA:31,11,1,1
BRDA:34,12,0,2
BRDA:34,12,1,2
BRDA:34,12,2,2
BRDA:49,13,0,1
BRDA:49,13,1,1
BRDA:62,14,0,0
BRDA:62,14,1,1
BRDA:63,15,0,0
BRDA:63,15,1,1
BRDA:75,16,0,0
BRDA:75,16,1,2
BRDA:76,17,0,1
BRDA:76,17,1,1
BRDA:86,18,0,1
BRDA:86,18,1,1
BRDA:87,19,0,0
BRDA:87,19,1,1
BRDA:97,20,0,1
BRDA:97,20,1,4
BRDA:98,21,0,1
BRDA:98,21,1,3
BRDA:101,22,0,2
BRDA:101,22,1,1
BRDA:101,23,0,0
BRDA:101,23,1,1
BRDA:102,24,0,1
BRDA:102,24,1,2
BRDA:104,25,0,1
BRDA:104,25,1,1
BRDA:115,26,0,1
BRDA:115,26,1,2
BRDA:116,27,0,1
BRDA:116,27,1,1
BRDA:130,28,0,1
BRDA:130,28,1,1
BRF:59
BRH:51
end_of_record
TN:
SF:src\modules\map\controllers\map.controller.ts
FN:8,nearbyUsers
FN:16,(anonymous_1)
FN:19,(anonymous_2)
FN:23,nearbyServices
FN:34,(anonymous_4)
FNF:5
FNH:5
FNDA:3,nearbyUsers
FNDA:3,(anonymous_1)
FNDA:2,(anonymous_2)
FNDA:2,nearbyServices
FNDA:2,(anonymous_4)
DA:2,1
DA:4,1
DA:5,1
DA:8,1
DA:9,3
DA:10,3
DA:11,3
DA:12,3
DA:13,3
DA:14,2
DA:15,2
DA:16,2
DA:17,3
DA:19,2
DA:20,0
DA:23,1
DA:24,2
DA:25,2
DA:26,2
DA:27,2
DA:28,2
DA:29,1
DA:33,1
DA:34,1
DA:35,2
DA:37,1
DA:38,0
LF:27
LH:25
BRDA:12,0,0,3
BRDA:12,0,1,1
BRDA:13,1,0,1
BRDA:13,1,1,2
BRDA:13,2,0,3
BRDA:13,2,1,2
BRDA:27,3,0,2
BRDA:27,3,1,1
BRDA:28,4,0,1
BRDA:28,4,1,1
BRDA:28,5,0,2
BRDA:28,5,1,1
BRF:12
BRH:12
end_of_record
TN:
SF:src\modules\matching\controllers\matching.controller.ts
FN:5,recommendations
FN:10,(anonymous_1)
FNF:2
FNH:1
FNDA:2,recommendations
FNDA:0,(anonymous_1)
DA:3,1
DA:5,1
DA:6,2
DA:7,2
DA:8,2
DA:9,2
DA:10,0
DA:17,0
LF:8
LH:6
BRDA:7,0,0,0
BRDA:7,1,0,1
BRF:2
BRH:1
end_of_record
TN:
SF:src\modules\matching\services\matching.service.ts
FN:13,getRecommendations
FN:14,(anonymous_1)
FN:21,(anonymous_2)
FN:31,(anonymous_3)
FN:43,(anonymous_4)
FNF:5
FNH:5
FNDA:10,getRecommendations
FNDA:5,(anonymous_1)
FNDA:18,(anonymous_2)
FNDA:6,(anonymous_3)
FNDA:11,(anonymous_4)
DA:1,2
DA:13,2
DA:14,10
DA:16,10
DA:21,10
DA:22,18
DA:23,18
DA:24,18
DA:25,18
DA:26,18
DA:28,18
DA:29,3
DA:30,3
DA:31,6
DA:32,3
DA:35,18
DA:36,18
DA:37,18
DA:39,18
DA:40,18
DA:43,11
LF:21
LH:21
BRDA:13,0,0,7
BRDA:29,1,0,1
BRDA:29,1,1,2
BRDA:30,2,0,2
BRDA:30,2,1,1
BRDA:30,3,0,3
BRDA:30,3,1,2
BRDA:32,4,0,1
BRDA:32,4,1,2
BRDA:35,5,0,16
BRDA:35,5,1,2
BRF:11
BRH:11
end_of_record
TN:
SF:src\modules\notifications\controllers\notifications.controller.ts
FN:5,(anonymous_0)
FN:7,listNotifications
FN:17,markOneRead
FN:27,markAllRead
FNF:4
FNH:4
FNDA:1,(anonymous_0)
FNDA:1,listNotifications
FNDA:1,markOneRead
FNDA:1,markAllRead
DA:2,1
DA:5,1
DA:7,1
DA:8,1
DA:9,1
DA:13,1
DA:14,0
DA:17,1
DA:18,1
DA:19,1
DA:23,1
DA:24,0
DA:27,1
DA:28,1
DA:29,1
DA:33,1
DA:34,0
LF:17
LH:14
BRDA:5,0,0,0
BRDA:5,0,1,1
BRF:2
BRH:1
end_of_record
TN:
SF:src\modules\reviews\controllers\reviews.controller.ts
FN:5,(anonymous_0)
FN:7,getReviews
FN:18,createReview
FN:33,deleteReview
FNF:4
FNH:4
FNDA:4,(anonymous_0)
FNDA:1,getReviews
FNDA:2,createReview
FNDA:3,deleteReview
DA:2,1
DA:5,4
DA:7,1
DA:8,1
DA:9,1
DA:14,1
DA:15,0
DA:18,1
DA:19,2
DA:20,2
DA:21,2
DA:22,2
DA:24,1
DA:26,1
DA:27,1
DA:29,1
DA:30,0
DA:33,1
DA:34,3
DA:35,3
DA:36,3
DA:37,3
DA:38,2
DA:39,1
DA:41,1
DA:42,1
DA:44,1
DA:45,0
LF:28
LH:25
BRDA:5,0,0,0
BRDA:5,0,1,4
BRDA:22,1,0,1
BRDA:22,1,1,1
BRDA:27,2,0,1
BRDA:27,2,1,0
BRDA:37,3,0,1
BRDA:37,3,1,2
BRDA:38,4,0,1
BRDA:38,4,1,1
BRDA:42,5,0,1
BRDA:42,5,1,1
BRF:12
BRH:10
end_of_record
TN:
SF:src\modules\search\controllers\search.controller.ts
FN:7,addTerm
FN:17,(anonymous_1)
FN:24,getHistory
FN:31,(anonymous_3)
FN:35,clearHistory
FNF:5
FNH:5
FNDA:2,addTerm
FNDA:1,(anonymous_1)
FNDA:1,getHistory
FNDA:2,(anonymous_3)
FNDA:1,clearHistory
DA:2,1
DA:5,1
DA:7,1
DA:8,2
DA:9,2
DA:10,2
DA:11,2
DA:12,2
DA:16,2
DA:17,1
DA:18,1
DA:20,2
DA:21,0
DA:24,1
DA:25,1
DA:26,1
DA:31,2
DA:32,0
DA:35,1
DA:36,1
DA:37,1
DA:38,1
DA:39,0
LF:23
LH:20
BRDA:16,0,0,1
BRDA:16,0,1,1
BRF:2
BRH:2
end_of_record
TN:
SF:src\modules\user\controllers\user.controller.ts
FN:9,(anonymous_0)
FN:11,listUsers
FN:24,(anonymous_2)
FN:29,(anonymous_3)
FN:33,getUser
FN:41,updateUser
FN:54,uploadAvatar
FN:65,verifyUser
FN:77,getUserStats
FNF:9
FNH:8
FNDA:16,(anonymous_0)
FNDA:2,listUsers
FNDA:2,(anonymous_2)
FNDA:2,(anonymous_3)
FNDA:2,getUser
FNDA:2,updateUser
FNDA:0,uploadAvatar
FNDA:2,verifyUser
FNDA:2,getUserStats
DA:2,1
DA:4,1
DA:5,1
DA:6,1
DA:9,16
DA:11,1
DA:12,2
DA:13,2
DA:14,2
DA:15,2
DA:16,2
DA:18,2
DA:22,2
DA:23,1
DA:24,1
DA:25,2
DA:29,2
DA:30,0
DA:33,1
DA:34,2
DA:35,2
DA:36,2
DA:37,1
DA:38,0
DA:41,1
DA:42,2
DA:43,2
DA:44,2
DA:45,1
DA:49,1
DA:50,1
DA:51,0
DA:54,1
DA:55,0
DA:56,0
DA:57,0
DA:58,0
DA:59,0
DA:60,0
DA:61,0
DA:62,0
DA:65,1
DA:66,2
DA:67,2
DA:68,2
DA:69,1
DA:70,1
DA:73,1
DA:74,0
DA:77,1
DA:78,2
DA:79,2
DA:80,2
DA:85,2
DA:86,1
DA:95,0
LF:56
LH:43
BRDA:9,0,0,0
BRDA:9,0,1,16
BRDA:13,1,0,2
BRDA:13,1,1,2
BRDA:14,2,0,2
BRDA:14,2,1,1
BRDA:15,3,0,2
BRDA:15,3,1,1
BRDA:16,4,0,2
BRDA:16,4,1,1
BRDA:19,5,0,0
BRDA:19,5,1,2
BRDA:22,6,0,1
BRDA:22,6,1,1
BRDA:22,7,0,2
BRDA:22,7,1,1
BRDA:25,8,0,2
BRDA:25,8,1,2
BRDA:25,8,2,2
BRDA:36,9,0,1
BRDA:36,9,1,1
BRDA:44,10,0,1
BRDA:44,10,1,1
BRDA:57,11,0,0
BRDA:57,11,1,0
BRDA:58,12,0,0
BRDA:58,12,1,0
BRDA:68,13,0,1
BRDA:68,13,1,1
BRDA:85,14,0,1
BRDA:85,14,1,1
BRDA:89,15,0,1
BRDA:89,15,1,0
BRF:33
BRH:26
end_of_record
TN:
SF:src\utils\geo.ts
FN:1,haversineKm
FNF:1
FNH:1
FNDA:14,haversineKm
DA:1,5
DA:2,14
DA:3,14
DA:4,14
DA:6,14
DA:10,14
LF:6
LH:6
BRF:0
BRH:0
end_of_record
